<?xml version="1.0" encoding="UTF-8"?>
<testsuite xmlns:xsi="http://www.w3.org/2001/XMLSchema-instance" xsi:noNamespaceSchemaLocation="https://maven.apache.org/surefire/maven-surefire-plugin/xsd/surefire-test-report.xsd" name="com.mycompany.democalculadora.CalculadoraTest" time="0.055" tests="4" errors="0" skipped="0" failures="0">
  <properties>
[...]
</properties>
  <testcase name="testSumar" classname="com.mycompany.democalculadora.CalculadoraTest" time="0.003"/>
  <testcase name="testMultiplicar" classname="com.mycompany.democalculadora.CalculadoraTest" time="0.001"/>
  <testcase name="testDividir" classname="com.mycompany.democalculadora.CalculadoraTest" time="0.001"/>
  <testcase name="testRestar" classname="com.mycompany.democalculadora.CalculadoraTest" time="0.001"/>
</testsuite>